Starting rampage Tmux Session...
Creating first window for priv in rampage...
Creating window for pub rampage...
Creating window for duel rampage...
Creating window for hns rampage...
Creating window for veng rampage...
Creating window for lg rampage...
Starting Rampage Servers: priv | ID: 0
Starting Server priv | ID: 0 ...
Server String is ./zandronum-server -port 10666 -file /var/www/chaoscore/wads/rampagepriv-v6-1.pk3 /var/www/chaoscore/wads/rampage-stats-fix.pk3 /var/www/chaoscore/wads/ctfcap2d.pk3 /var/www/chaoscore/wads/hudtimer_v4fix.pk3 /var/www/chaoscore/wads/zandrospree2rc2.pk3 /var/www/chaoscore/wads/odaflagx.pk3 +exec /var/www/chaoscore/configs/global/dmflags.cfg /var/www/chaoscore/configs/global/svar.cfg /var/www/chaoscore/configs/modes/ctf.cfg /var/www/chaoscore/configs/priv.cfg +map map00 +compatflags 64 +sv_hostname ":: [NY] = [RAMPAGE] = [Priv CTF] ::"
...
...
Starting Rampage Servers: pub | ID: 1
Starting Server pub | ID: 1 ...
Server String is ./zandronum-server -port 10667 -file /var/www/chaoscore/wads/hudtimer_v4fix.pk3 /var/www/chaoscore/wads/odaflagx.pk3 /var/www/chaoscore/wads/zandrospree2rc2.pk3 /var/www/chaoscore/wads/rampagepriv-v5-1.pk3 /var/www/chaoscore/wads/rampagesuperpub-v3.pk3 /var/www/chaoscore/wads/rampage-stats-fix.pk3 +exec /var/www/chaoscore/configs/global/dmflags.cfg /var/www/chaoscore/configs/global/svar.cfg /var/www/chaoscore/configs/modes/pub.cfg /var/www/chaoscore/configs/superpub.cfg +compatflags 64 +sv_hostname ":: [NY] = [RAMPAGE] = [Public CTF] ::"
...
...
Starting Rampage Servers: duel | ID: 2
Starting Server duel | ID: 2 ...
Server String is ./zandronum-server -port 10668 -file /var/www/chaoscore/wads/duel40b.pk3 /var/www/chaoscore/wads/zandrospree2rc2.pk3 /var/www/chaoscore/wads/clearlights.wad +exec /var/www/chaoscore/configs/global/dmflags.cfg /var/www/chaoscore/configs/global/svar.cfg /var/www/chaoscore/configs/modes/duel.cfg /var/www/chaoscore/configs/duel40.cfg +map start +compatflags 536871714 +sv_hostname ":: [NY] = [RAMPAGE] = [Duel40] ::"
...
...
Starting Rampage Servers: hns | ID: 4
Starting Server hns | ID: 4 ...
Server String is ./zandronum-server -port 10670 -file /var/www/chaoscore/wads/skulltag_content-3.0-beta01.pk3 /var/www/chaoscore/wads/stlmshnsv4.wad /var/www/chaoscore/wads/hnsv1.0.2.pk3 +exec /var/www/chaoscore/configs/global/dmflags.cfg /var/www/chaoscore/configs/global/svar.cfg /var/www/chaoscore/configs/modes/hns.cfg /var/www/chaoscore/configs/extra/unblock.cfg /var/www/chaoscore/configs/extra/forcegl.cfg /var/www/chaoscore/configs/extra/stats.cfg +compatflags 64 +sv_hostname ":: [NY] = [RAMPAGE] = [Hide n Seek] ::"
...
...
Starting Rampage Servers: veng | ID: 5
Starting Server veng | ID: 5 ...
Server String is ./zandronum-server -port 10671 -file /var/www/chaoscore/wads/rampagepriv-v6-1.pk3 /var/www/chaoscore/wads/vengeancemaps_v1.06.pk3 /var/www/chaoscore/wads/vengeanceweapons_v1.53.pk3 /var/www/chaoscore/wads/rampage-stats-fix.pk3 /var/www/chaoscore/wads/ctfcap2d.pk3 /var/www/chaoscore/wads/hudtimer_v4fix.pk3 /var/www/chaoscore/wads/zandrospree2rc2.pk3 /var/www/chaoscore/wads/odaflagx.pk3 +exec /var/www/chaoscore/configs/global/dmflags.cfg /var/www/chaoscore/configs/global/svar.cfg /var/www/chaoscore/configs/modes/ctf.cfg /var/www/chaoscore/configs/priv.cfg +map map00 +compatflags 64 +sv_hostname ":: [NY] = [RAMPAGE] = [Vengeance Priv] ::"
...
...
Starting Rampage Servers: lg | ID: 6
Starting Server lg | ID: 6 ...
Server String is ./zandronum-server -port 10672 -file /var/www/chaoscore/wads/duel40b.pk3 /var/www/chaoscore/wads/lgmod.pk3 /var/www/chaoscore/wads/zandrospree2rc2.pk3 /var/www/chaoscore/wads/clearlights.wad +exec /var/www/chaoscore/configs/global/dmflags.cfg /var/www/chaoscore/configs/global/svar.cfg /var/www/chaoscore/configs/modes/duel.cfg /var/www/chaoscore/configs/duel40.cfg /var/www/chaoscore/configs/modes/lg.cfg +map start +compatflags 536871714 +sv_hostname ":: [NY] = [RAMPAGE] = [LG Duel] ::"
...
...
Starting vengeance Tmux Session...
Creating first window for game-a in vengeance...
Creating window for game-b vengeance...
Creating window for prac-a vengeance...
Creating window for prac-b vengeance...
Starting Vengeance Game Servers: game-a | ID: 0
Starting Server game-a | ID: 0 ...
Server String is ./zandronum-server -port 10690 -file /var/www/chaoscore/wads/rampagepriv-v6-1.pk3 /var/www/chaoscore/wads/vengeancemaps_v1.06.pk3 /var/www/chaoscore/wads/vengeanceweapons_v1.53.pk3 /var/www/chaoscore/wads/rampage-stats-fix.pk3 /var/www/chaoscore/wads/rampage_lockers.pk3 /var/www/chaoscore/wads/ctfcap2d.pk3 /var/www/chaoscore/wads/hudtimer_v4fix.pk3 /var/www/chaoscore/wads/zandrospree2rc2.pk3 /var/www/chaoscore/wads/odaflagx.pk3 +exec /var/www/chaoscore/configs/global/dmflags.cfg /var/www/chaoscore/configs/global/svar.cfg /var/www/chaoscore/configs/modes/ctf.cfg /var/www/chaoscore/configs/veng/veng.cfg /var/www/chaoscore/configs/veng/veng_week2.cfg +map LOCKER +compatflags 64 +sv_hostname ":: [NY] = [RAMPAGE] = [VENGEANCE VI] - Week 2 - MAP93 + MAP10 :: Game A ::"
...
...
Starting Vengeance Game Servers: game-b | ID: 1
Starting Server game-b | ID: 1 ...
Server String is ./zandronum-server -port 10691 -file /var/www/chaoscore/wads/rampagepriv-v6-1.pk3 /var/www/chaoscore/wads/vengeancemaps_v1.06.pk3 /var/www/chaoscore/wads/vengeanceweapons_v1.53.pk3 /var/www/chaoscore/wads/rampage-stats-fix.pk3 /var/www/chaoscore/wads/rampage_lockers.pk3 /var/www/chaoscore/wads/ctfcap2d.pk3 /var/www/chaoscore/wads/hudtimer_v4fix.pk3 /var/www/chaoscore/wads/zandrospree2rc2.pk3 /var/www/chaoscore/wads/odaflagx.pk3 +exec /var/www/chaoscore/configs/global/dmflags.cfg /var/www/chaoscore/configs/global/svar.cfg /var/www/chaoscore/configs/modes/ctf.cfg /var/www/chaoscore/configs/veng/veng.cfg /var/www/chaoscore/configs/veng/veng_week2.cfg +map LOCKER +compatflags 64 +sv_hostname ":: [NY] = [RAMPAGE] = [VENGEANCE VI] - Week 2 - MAP93 + MAP10 :: Game B ::"
...
...
Starting Vengeance Practice Servers: prac-a | ID: 2
Starting Server prac-a | ID: 2 ...
Server String is ./zandronum-server -port 10692 -file /var/www/chaoscore/wads/rampagepriv-v6-1.pk3 /var/www/chaoscore/wads/vengeancemaps_v1.06.pk3 /var/www/chaoscore/wads/vengeanceweapons_v1.53.pk3 /var/www/chaoscore/wads/rampage-stats-fix.pk3 /var/www/chaoscore/wads/ctfcap2d.pk3 /var/www/chaoscore/wads/hudtimer_v4fix.pk3 /var/www/chaoscore/wads/zandrospree2rc2.pk3 /var/www/chaoscore/wads/odaflagx.pk3 +exec /var/www/chaoscore/configs/global/dmflags.cfg /var/www/chaoscore/configs/global/svar.cfg /var/www/chaoscore/configs/modes/ctf.cfg /var/www/chaoscore/configs/veng/veng.cfg /var/www/chaoscore/configs/veng/veng_week2.cfg +compatflags 64 +sv_hostname ":: [NY] = [RAMPAGE] = [VENGEANCE VI] - Week 2 - MAP93 + MAP10 :: Practice A ::"
...
...
Starting Vengeance Practice Servers: prac-b | ID: 3
Starting Server prac-b | ID: 3 ...
Server String is ./zandronum-server -port 10693 -file /var/www/chaoscore/wads/rampagepriv-v6-1.pk3 /var/www/chaoscore/wads/vengeancemaps_v1.06.pk3 /var/www/chaoscore/wads/vengeanceweapons_v1.53.pk3 /var/www/chaoscore/wads/rampage-stats-fix.pk3 /var/www/chaoscore/wads/ctfcap2d.pk3 /var/www/chaoscore/wads/hudtimer_v4fix.pk3 /var/www/chaoscore/wads/zandrospree2rc2.pk3 /var/www/chaoscore/wads/odaflagx.pk3 +exec /var/www/chaoscore/configs/global/dmflags.cfg /var/www/chaoscore/configs/global/svar.cfg /var/www/chaoscore/configs/modes/ctf.cfg /var/www/chaoscore/configs/veng/veng.cfg /var/www/chaoscore/configs/veng/veng_week2.cfg +compatflags 64 +sv_hostname ":: [NY] = [RAMPAGE] = [VENGEANCE VI] - Week 2 - MAP93 + MAP10 :: Practice B ::"
...
...
Starting rampage Tmux Session...
Creating first window for priv in rampage...
Creating window for pub rampage...
Creating window for duel rampage...
Creating window for hns rampage...
Creating window for veng rampage...
Creating window for lg rampage...
Starting Rampage Servers: priv | ID: 0
Starting Server priv | ID: 0 ...
Server String is ./zandronum-server -port 10666 -file /var/www/chaoscore/wads/rampagepriv-v6-1.pk3 /var/www/chaoscore/wads/rampage-stats-fix.pk3 /var/www/chaoscore/wads/ctfcap2d.pk3 /var/www/chaoscore/wads/hudtimer_v4fix.pk3 /var/www/chaoscore/wads/zandrospree2rc2.pk3 /var/www/chaoscore/wads/odaflagx.pk3 +exec /var/www/chaoscore/configs/global/dmflags.cfg /var/www/chaoscore/configs/global/svar.cfg /var/www/chaoscore/configs/modes/ctf.cfg /var/www/chaoscore/configs/priv.cfg +map map00 +compatflags 64 +sv_hostname ":: [NY] = [RAMPAGE] = [Priv CTF] ::"
...
...
Starting Rampage Servers: pub | ID: 1
Starting Server pub | ID: 1 ...
Server String is ./zandronum-server -port 10667 -file /var/www/chaoscore/wads/hudtimer_v4fix.pk3 /var/www/chaoscore/wads/odaflagx.pk3 /var/www/chaoscore/wads/zandrospree2rc2.pk3 /var/www/chaoscore/wads/rampagepriv-v5-1.pk3 /var/www/chaoscore/wads/rampagesuperpub-v3.pk3 /var/www/chaoscore/wads/rampage-stats-fix.pk3 +exec /var/www/chaoscore/configs/global/dmflags.cfg /var/www/chaoscore/configs/global/svar.cfg /var/www/chaoscore/configs/modes/pub.cfg /var/www/chaoscore/configs/superpub.cfg +compatflags 64 +sv_hostname ":: [NY] = [RAMPAGE] = [Public CTF] ::"
...
...
Starting Rampage Servers: duel | ID: 2
Starting Server duel | ID: 2 ...
Server String is ./zandronum-server -port 10668 -file /var/www/chaoscore/wads/duel40b.pk3 /var/www/chaoscore/wads/zandrospree2rc2.pk3 /var/www/chaoscore/wads/clearlights.wad +exec /var/www/chaoscore/configs/global/dmflags.cfg /var/www/chaoscore/configs/global/svar.cfg /var/www/chaoscore/configs/modes/duel.cfg /var/www/chaoscore/configs/duel40.cfg +map start +compatflags 536871714 +sv_hostname ":: [NY] = [RAMPAGE] = [Duel40] ::"
...
...
Starting Rampage Servers: hns | ID: 4
Starting Server hns | ID: 4 ...
Server String is ./zandronum-server -port 10670 -file /var/www/chaoscore/wads/skulltag_content-3.0-beta01.pk3 /var/www/chaoscore/wads/stlmshnsv4.wad /var/www/chaoscore/wads/hnsv1.0.2.pk3 +exec /var/www/chaoscore/configs/global/dmflags.cfg /var/www/chaoscore/configs/global/svar.cfg /var/www/chaoscore/configs/modes/hns.cfg /var/www/chaoscore/configs/extra/unblock.cfg /var/www/chaoscore/configs/extra/forcegl.cfg /var/www/chaoscore/configs/extra/stats.cfg +compatflags 64 +sv_hostname ":: [NY] = [RAMPAGE] = [Hide n Seek] ::"
...
...
Starting Rampage Servers: veng | ID: 5
Starting Server veng | ID: 5 ...
Server String is ./zandronum-server -port 10671 -file /var/www/chaoscore/wads/rampagepriv-v6-1.pk3 /var/www/chaoscore/wads/vengeancemaps_v1.06.pk3 /var/www/chaoscore/wads/vengeanceweapons_v1.53.pk3 /var/www/chaoscore/wads/rampage-stats-fix.pk3 /var/www/chaoscore/wads/ctfcap2d.pk3 /var/www/chaoscore/wads/hudtimer_v4fix.pk3 /var/www/chaoscore/wads/zandrospree2rc2.pk3 /var/www/chaoscore/wads/odaflagx.pk3 +exec /var/www/chaoscore/configs/global/dmflags.cfg /var/www/chaoscore/configs/global/svar.cfg /var/www/chaoscore/configs/modes/ctf.cfg /var/www/chaoscore/configs/priv.cfg +map map00 +compatflags 64 +sv_hostname ":: [NY] = [RAMPAGE] = [Vengeance Priv] ::"
...
...
Starting Rampage Servers: lg | ID: 6
Starting Server lg | ID: 6 ...
Server String is ./zandronum-server -port 10672 -file /var/www/chaoscore/wads/duel40b.pk3 /var/www/chaoscore/wads/lgmod.pk3 /var/www/chaoscore/wads/zandrospree2rc2.pk3 /var/www/chaoscore/wads/clearlights.wad +exec /var/www/chaoscore/configs/global/dmflags.cfg /var/www/chaoscore/configs/global/svar.cfg /var/www/chaoscore/configs/modes/duel.cfg /var/www/chaoscore/configs/duel40.cfg /var/www/chaoscore/configs/modes/lg.cfg +map start +compatflags 536871714 +sv_hostname ":: [NY] = [RAMPAGE] = [LG Duel] ::"
...
...
Starting vengeance Tmux Session...
Creating first window for game-a in vengeance...
Creating window for game-b vengeance...
Creating window for prac-a vengeance...
Creating window for prac-b vengeance...
Starting Vengeance Game Servers: game-a | ID: 0
Starting Server game-a | ID: 0 ...
Server String is ./zandronum-server -port 10690 -file /var/www/chaoscore/wads/rampagepriv-v6-1.pk3 /var/www/chaoscore/wads/vengeancemaps_v1.06.pk3 /var/www/chaoscore/wads/vengeanceweapons_v1.53.pk3 /var/www/chaoscore/wads/rampage-stats-fix.pk3 /var/www/chaoscore/wads/rampage_lockers.pk3 /var/www/chaoscore/wads/ctfcap2d.pk3 /var/www/chaoscore/wads/hudtimer_v4fix.pk3 /var/www/chaoscore/wads/zandrospree2rc2.pk3 /var/www/chaoscore/wads/odaflagx.pk3 +exec /var/www/chaoscore/configs/global/dmflags.cfg /var/www/chaoscore/configs/global/svar.cfg /var/www/chaoscore/configs/modes/ctf.cfg /var/www/chaoscore/configs/veng/veng.cfg /var/www/chaoscore/configs/veng/veng_week2.cfg +map LOCKER +compatflags 64 +sv_hostname ":: [NY] = [RAMPAGE] = [VENGEANCE VI] - Week 2 - MAP93 + MAP10 :: Game A ::"
...
...
Starting Vengeance Game Servers: game-b | ID: 1
Starting Server game-b | ID: 1 ...
Server String is ./zandronum-server -port 10691 -file /var/www/chaoscore/wads/rampagepriv-v6-1.pk3 /var/www/chaoscore/wads/vengeancemaps_v1.06.pk3 /var/www/chaoscore/wads/vengeanceweapons_v1.53.pk3 /var/www/chaoscore/wads/rampage-stats-fix.pk3 /var/www/chaoscore/wads/rampage_lockers.pk3 /var/www/chaoscore/wads/ctfcap2d.pk3 /var/www/chaoscore/wads/hudtimer_v4fix.pk3 /var/www/chaoscore/wads/zandrospree2rc2.pk3 /var/www/chaoscore/wads/odaflagx.pk3 +exec /var/www/chaoscore/configs/global/dmflags.cfg /var/www/chaoscore/configs/global/svar.cfg /var/www/chaoscore/configs/modes/ctf.cfg /var/www/chaoscore/configs/veng/veng.cfg /var/www/chaoscore/configs/veng/veng_week2.cfg +map LOCKER +compatflags 64 +sv_hostname ":: [NY] = [RAMPAGE] = [VENGEANCE VI] - Week 2 - MAP93 + MAP10 :: Game B ::"
...
...
Starting Vengeance Practice Servers: prac-a | ID: 2
Starting Server prac-a | ID: 2 ...
Server String is ./zandronum-server -port 10692 -file /var/www/chaoscore/wads/rampagepriv-v6-1.pk3 /var/www/chaoscore/wads/vengeancemaps_v1.06.pk3 /var/www/chaoscore/wads/vengeanceweapons_v1.53.pk3 /var/www/chaoscore/wads/rampage-stats-fix.pk3 /var/www/chaoscore/wads/ctfcap2d.pk3 /var/www/chaoscore/wads/hudtimer_v4fix.pk3 /var/www/chaoscore/wads/zandrospree2rc2.pk3 /var/www/chaoscore/wads/odaflagx.pk3 +exec /var/www/chaoscore/configs/global/dmflags.cfg /var/www/chaoscore/configs/global/svar.cfg /var/www/chaoscore/configs/modes/ctf.cfg /var/www/chaoscore/configs/veng/veng.cfg /var/www/chaoscore/configs/veng/veng_week2.cfg +compatflags 64 +sv_hostname ":: [NY] = [RAMPAGE] = [VENGEANCE VI] - Week 2 - MAP93 + MAP10 :: Practice A ::"
...
...
Starting Vengeance Practice Servers: prac-b | ID: 3
Starting Server prac-b | ID: 3 ...
Server String is ./zandronum-server -port 10693 -file /var/www/chaoscore/wads/rampagepriv-v6-1.pk3 /var/www/chaoscore/wads/vengeancemaps_v1.06.pk3 /var/www/chaoscore/wads/vengeanceweapons_v1.53.pk3 /var/www/chaoscore/wads/rampage-stats-fix.pk3 /var/www/chaoscore/wads/ctfcap2d.pk3 /var/www/chaoscore/wads/hudtimer_v4fix.pk3 /var/www/chaoscore/wads/zandrospree2rc2.pk3 /var/www/chaoscore/wads/odaflagx.pk3 +exec /var/www/chaoscore/configs/global/dmflags.cfg /var/www/chaoscore/configs/global/svar.cfg /var/www/chaoscore/configs/modes/ctf.cfg /var/www/chaoscore/configs/veng/veng.cfg /var/www/chaoscore/configs/veng/veng_week2.cfg +compatflags 64 +sv_hostname ":: [NY] = [RAMPAGE] = [VENGEANCE VI] - Week 2 - MAP93 + MAP10 :: Practice B ::"
...
...
Starting rampage Tmux Session...
Creating first window for priv in rampage...
Creating window for pub rampage...
Creating window for duel rampage...
Creating window for hns rampage...
Creating window for veng rampage...
Creating window for lg rampage...
Starting Rampage Servers: priv | ID: 0
Starting Server priv | ID: 0 ...
Server String is ./zandronum-server -port 10666 -file /var/www/chaoscore/wads/rampagepriv-v6-1.pk3 /var/www/chaoscore/wads/rampage-stats-fix.pk3 /var/www/chaoscore/wads/ctfcap2d.pk3 /var/www/chaoscore/wads/hudtimer_v4fix.pk3 /var/www/chaoscore/wads/zandrospree2rc2.pk3 /var/www/chaoscore/wads/odaflagx.pk3 +exec /var/www/chaoscore/configs/global/dmflags.cfg /var/www/chaoscore/configs/global/svar.cfg /var/www/chaoscore/configs/modes/ctf.cfg /var/www/chaoscore/configs/priv.cfg +map map00 +compatflags 64 +sv_hostname ":: [NY] = [RAMPAGE] = [Priv CTF] ::"
...
...
Starting Rampage Servers: pub | ID: 1
Starting Server pub | ID: 1 ...
Server String is ./zandronum-server -port 10667 -file /var/www/chaoscore/wads/hudtimer_v4fix.pk3 /var/www/chaoscore/wads/odaflagx.pk3 /var/www/chaoscore/wads/zandrospree2rc2.pk3 /var/www/chaoscore/wads/rampagepriv-v5-1.pk3 /var/www/chaoscore/wads/rampagesuperpub-v3.pk3 /var/www/chaoscore/wads/rampage-stats-fix.pk3 +exec /var/www/chaoscore/configs/global/dmflags.cfg /var/www/chaoscore/configs/global/svar.cfg /var/www/chaoscore/configs/modes/pub.cfg /var/www/chaoscore/configs/superpub.cfg +compatflags 64 +sv_hostname ":: [NY] = [RAMPAGE] = [Public CTF] ::"
...
...
Starting Rampage Servers: duel | ID: 2
Starting Server duel | ID: 2 ...
Server String is ./zandronum-server -port 10668 -file /var/www/chaoscore/wads/duel40b.pk3 /var/www/chaoscore/wads/zandrospree2rc2.pk3 /var/www/chaoscore/wads/clearlights.wad +exec /var/www/chaoscore/configs/global/dmflags.cfg /var/www/chaoscore/configs/global/svar.cfg /var/www/chaoscore/configs/modes/duel.cfg /var/www/chaoscore/configs/duel40.cfg +map start +compatflags 536871714 +sv_hostname ":: [NY] = [RAMPAGE] = [Duel40] ::"
...
...
Starting Rampage Servers: hns | ID: 4
Starting Server hns | ID: 4 ...
Server String is ./zandronum-server -port 10670 -file /var/www/chaoscore/wads/skulltag_content-3.0-beta01.pk3 /var/www/chaoscore/wads/stlmshnsv4.wad /var/www/chaoscore/wads/hnsv1.0.2.pk3 +exec /var/www/chaoscore/configs/global/dmflags.cfg /var/www/chaoscore/configs/global/svar.cfg /var/www/chaoscore/configs/modes/hns.cfg /var/www/chaoscore/configs/extra/unblock.cfg /var/www/chaoscore/configs/extra/forcegl.cfg /var/www/chaoscore/configs/extra/stats.cfg +compatflags 64 +sv_hostname ":: [NY] = [RAMPAGE] = [Hide n Seek] ::"
...
...
Starting Rampage Servers: veng | ID: 5
Starting Server veng | ID: 5 ...
Server String is ./zandronum-server -port 10671 -file /var/www/chaoscore/wads/rampagepriv-v6-1.pk3 /var/www/chaoscore/wads/vengeancemaps_v1.06.pk3 /var/www/chaoscore/wads/vengeanceweapons_v1.53.pk3 /var/www/chaoscore/wads/rampage-stats-fix.pk3 /var/www/chaoscore/wads/ctfcap2d.pk3 /var/www/chaoscore/wads/hudtimer_v4fix.pk3 /var/www/chaoscore/wads/zandrospree2rc2.pk3 /var/www/chaoscore/wads/odaflagx.pk3 +exec /var/www/chaoscore/configs/global/dmflags.cfg /var/www/chaoscore/configs/global/svar.cfg /var/www/chaoscore/configs/modes/ctf.cfg /var/www/chaoscore/configs/priv.cfg +map map00 +compatflags 64 +sv_hostname ":: [NY] = [RAMPAGE] = [Vengeance Priv] ::"
...
...
Starting Rampage Servers: lg | ID: 6
Starting Server lg | ID: 6 ...
Server String is ./zandronum-server -port 10672 -file /var/www/chaoscore/wads/duel40b.pk3 /var/www/chaoscore/wads/lgmod.pk3 /var/www/chaoscore/wads/zandrospree2rc2.pk3 /var/www/chaoscore/wads/clearlights.wad +exec /var/www/chaoscore/configs/global/dmflags.cfg /var/www/chaoscore/configs/global/svar.cfg /var/www/chaoscore/configs/modes/duel.cfg /var/www/chaoscore/configs/duel40.cfg /var/www/chaoscore/configs/modes/lg.cfg +map start +compatflags 536871714 +sv_hostname ":: [NY] = [RAMPAGE] = [LG Duel] ::"
...
...
Starting vengeance Tmux Session...
Creating first window for game-a in vengeance...
Creating window for game-b vengeance...
Creating window for prac-a vengeance...
Creating window for prac-b vengeance...
Starting Vengeance Game Servers: game-a | ID: 0
Starting Server game-a | ID: 0 ...
Server String is ./zandronum-server -port 10690 -file /var/www/chaoscore/wads/rampagepriv-v6-1.pk3 /var/www/chaoscore/wads/vengeancemaps_v1.06.pk3 /var/www/chaoscore/wads/vengeanceweapons_v1.53.pk3 /var/www/chaoscore/wads/rampage-stats-fix.pk3 /var/www/chaoscore/wads/rampage_lockers.pk3 /var/www/chaoscore/wads/ctfcap2d.pk3 /var/www/chaoscore/wads/hudtimer_v4fix.pk3 /var/www/chaoscore/wads/zandrospree2rc2.pk3 /var/www/chaoscore/wads/odaflagx.pk3 +exec /var/www/chaoscore/configs/global/dmflags.cfg /var/www/chaoscore/configs/global/svar.cfg /var/www/chaoscore/configs/modes/ctf.cfg /var/www/chaoscore/configs/veng/veng.cfg /var/www/chaoscore/configs/veng/veng_week2.cfg +map LOCKER +compatflags 64 +sv_hostname ":: [NY] = [RAMPAGE] = [VENGEANCE VI] - Week 2 - MAP93 + MAP10 :: Game A ::"
...
...
Starting Vengeance Game Servers: game-b | ID: 1
Starting Server game-b | ID: 1 ...
Server String is ./zandronum-server -port 10691 -file /var/www/chaoscore/wads/rampagepriv-v6-1.pk3 /var/www/chaoscore/wads/vengeancemaps_v1.06.pk3 /var/www/chaoscore/wads/vengeanceweapons_v1.53.pk3 /var/www/chaoscore/wads/rampage-stats-fix.pk3 /var/www/chaoscore/wads/rampage_lockers.pk3 /var/www/chaoscore/wads/ctfcap2d.pk3 /var/www/chaoscore/wads/hudtimer_v4fix.pk3 /var/www/chaoscore/wads/zandrospree2rc2.pk3 /var/www/chaoscore/wads/odaflagx.pk3 +exec /var/www/chaoscore/configs/global/dmflags.cfg /var/www/chaoscore/configs/global/svar.cfg /var/www/chaoscore/configs/modes/ctf.cfg /var/www/chaoscore/configs/veng/veng.cfg /var/www/chaoscore/configs/veng/veng_week2.cfg +map LOCKER +compatflags 64 +sv_hostname ":: [NY] = [RAMPAGE] = [VENGEANCE VI] - Week 2 - MAP93 + MAP10 :: Game B ::"
...
...
Starting Vengeance Practice Servers: prac-a | ID: 2
Starting Server prac-a | ID: 2 ...
Server String is ./zandronum-server -port 10692 -file /var/www/chaoscore/wads/rampagepriv-v6-1.pk3 /var/www/chaoscore/wads/vengeancemaps_v1.06.pk3 /var/www/chaoscore/wads/vengeanceweapons_v1.53.pk3 /var/www/chaoscore/wads/rampage-stats-fix.pk3 /var/www/chaoscore/wads/ctfcap2d.pk3 /var/www/chaoscore/wads/hudtimer_v4fix.pk3 /var/www/chaoscore/wads/zandrospree2rc2.pk3 /var/www/chaoscore/wads/odaflagx.pk3 +exec /var/www/chaoscore/configs/global/dmflags.cfg /var/www/chaoscore/configs/global/svar.cfg /var/www/chaoscore/configs/modes/ctf.cfg /var/www/chaoscore/configs/veng/veng.cfg /var/www/chaoscore/configs/veng/veng_week2.cfg +compatflags 64 +sv_hostname ":: [NY] = [RAMPAGE] = [VENGEANCE VI] - Week 2 - MAP93 + MAP10 :: Practice A ::"
...
...
Starting Vengeance Practice Servers: prac-b | ID: 3
Starting Server prac-b | ID: 3 ...
Server String is ./zandronum-server -port 10693 -file /var/www/chaoscore/wads/rampagepriv-v6-1.pk3 /var/www/chaoscore/wads/vengeancemaps_v1.06.pk3 /var/www/chaoscore/wads/vengeanceweapons_v1.53.pk3 /var/www/chaoscore/wads/rampage-stats-fix.pk3 /var/www/chaoscore/wads/ctfcap2d.pk3 /var/www/chaoscore/wads/hudtimer_v4fix.pk3 /var/www/chaoscore/wads/zandrospree2rc2.pk3 /var/www/chaoscore/wads/odaflagx.pk3 +exec /var/www/chaoscore/configs/global/dmflags.cfg /var/www/chaoscore/configs/global/svar.cfg /var/www/chaoscore/configs/modes/ctf.cfg /var/www/chaoscore/configs/veng/veng.cfg /var/www/chaoscore/configs/veng/veng_week2.cfg +compatflags 64 +sv_hostname ":: [NY] = [RAMPAGE] = [VENGEANCE VI] - Week 2 - MAP93 + MAP10 :: Practice B ::"
...
...
Starting rampage Tmux Session...
Creating first window for priv in rampage...
Creating window for pub rampage...
Creating window for duel rampage...
Creating window for hns rampage...
Creating window for veng rampage...
Creating window for lg rampage...
Starting Rampage Servers: priv | ID: 0
Starting Server priv | ID: 0 ...
Server String is ./zandronum-server -port 10666 -file /var/www/chaoscore/wads/rampagepriv-v6-1.pk3 /var/www/chaoscore/wads/rampage-stats-fix.pk3 /var/www/chaoscore/wads/ctfcap2d.pk3 /var/www/chaoscore/wads/hudtimer_v4fix.pk3 /var/www/chaoscore/wads/zandrospree2rc2.pk3 /var/www/chaoscore/wads/odaflagx.pk3 +exec /var/www/chaoscore/configs/global/dmflags.cfg /var/www/chaoscore/configs/global/svar.cfg /var/www/chaoscore/configs/modes/ctf.cfg /var/www/chaoscore/configs/priv.cfg +map map00 +compatflags 64 +sv_hostname ":: [NY] = [RAMPAGE] = [Priv CTF] ::"
...
...
Starting Rampage Servers: pub | ID: 1
Starting Server pub | ID: 1 ...
Server String is ./zandronum-server -port 10667 -file /var/www/chaoscore/wads/hudtimer_v4fix.pk3 /var/www/chaoscore/wads/odaflagx.pk3 /var/www/chaoscore/wads/zandrospree2rc2.pk3 /var/www/chaoscore/wads/rampagepriv-v5-1.pk3 /var/www/chaoscore/wads/rampagesuperpub-v3.pk3 /var/www/chaoscore/wads/rampage-stats-fix.pk3 +exec /var/www/chaoscore/configs/global/dmflags.cfg /var/www/chaoscore/configs/global/svar.cfg /var/www/chaoscore/configs/modes/pub.cfg /var/www/chaoscore/configs/superpub.cfg +compatflags 64 +sv_hostname ":: [NY] = [RAMPAGE] = [Public CTF] ::"
...
...
Starting Rampage Servers: duel | ID: 2
Starting Server duel | ID: 2 ...
Server String is ./zandronum-server -port 10668 -file /var/www/chaoscore/wads/duel40b.pk3 /var/www/chaoscore/wads/zandrospree2rc2.pk3 /var/www/chaoscore/wads/clearlights.wad +exec /var/www/chaoscore/configs/global/dmflags.cfg /var/www/chaoscore/configs/global/svar.cfg /var/www/chaoscore/configs/modes/duel.cfg /var/www/chaoscore/configs/duel40.cfg +map start +compatflags 536871714 +sv_hostname ":: [NY] = [RAMPAGE] = [Duel40] ::"
...
...
Starting Rampage Servers: hns | ID: 4
Starting Server hns | ID: 4 ...
Server String is ./zandronum-server -port 10670 -file /var/www/chaoscore/wads/skulltag_content-3.0-beta01.pk3 /var/www/chaoscore/wads/stlmshnsv4.wad /var/www/chaoscore/wads/hnsv1.0.2.pk3 +exec /var/www/chaoscore/configs/global/dmflags.cfg /var/www/chaoscore/configs/global/svar.cfg /var/www/chaoscore/configs/modes/hns.cfg /var/www/chaoscore/configs/extra/unblock.cfg /var/www/chaoscore/configs/extra/forcegl.cfg /var/www/chaoscore/configs/extra/stats.cfg +compatflags 64 +sv_hostname ":: [NY] = [RAMPAGE] = [Hide n Seek] ::"
...
...
Starting Rampage Servers: veng | ID: 5
Starting Server veng | ID: 5 ...
Server String is ./zandronum-server -port 10671 -file /var/www/chaoscore/wads/rampagepriv-v6-1.pk3 /var/www/chaoscore/wads/vengeancemaps_v1.06.pk3 /var/www/chaoscore/wads/vengeanceweapons_v1.53.pk3 /var/www/chaoscore/wads/rampage-stats-fix.pk3 /var/www/chaoscore/wads/ctfcap2d.pk3 /var/www/chaoscore/wads/hudtimer_v4fix.pk3 /var/www/chaoscore/wads/zandrospree2rc2.pk3 /var/www/chaoscore/wads/odaflagx.pk3 +exec /var/www/chaoscore/configs/global/dmflags.cfg /var/www/chaoscore/configs/global/svar.cfg /var/www/chaoscore/configs/modes/ctf.cfg /var/www/chaoscore/configs/priv.cfg +map map00 +compatflags 64 +sv_hostname ":: [NY] = [RAMPAGE] = [Vengeance Priv] ::"
...
...
Starting Rampage Servers: lg | ID: 6
Starting Server lg | ID: 6 ...
Server String is ./zandronum-server -port 10672 -file /var/www/chaoscore/wads/duel40b.pk3 /var/www/chaoscore/wads/lgmod.pk3 /var/www/chaoscore/wads/zandrospree2rc2.pk3 /var/www/chaoscore/wads/clearlights.wad +exec /var/www/chaoscore/configs/global/dmflags.cfg /var/www/chaoscore/configs/global/svar.cfg /var/www/chaoscore/configs/modes/duel.cfg /var/www/chaoscore/configs/duel40.cfg /var/www/chaoscore/configs/modes/lg.cfg +map start +compatflags 536871714 +sv_hostname ":: [NY] = [RAMPAGE] = [LG Duel] ::"
...
...
Starting vengeance Tmux Session...
Creating first window for game-a in vengeance...
Creating window for game-b vengeance...
Creating window for prac-a vengeance...
Creating window for prac-b vengeance...
Starting Vengeance Game Servers: game-a | ID: 0
Starting Server game-a | ID: 0 ...
Server String is ./zandronum-server -port 10690 -file /var/www/chaoscore/wads/rampagepriv-v6-1.pk3 /var/www/chaoscore/wads/vengeancemaps_v1.06.pk3 /var/www/chaoscore/wads/vengeanceweapons_v1.53.pk3 /var/www/chaoscore/wads/rampage-stats-fix.pk3 /var/www/chaoscore/wads/rampage_lockers.pk3 /var/www/chaoscore/wads/ctfcap2d.pk3 /var/www/chaoscore/wads/hudtimer_v4fix.pk3 /var/www/chaoscore/wads/zandrospree2rc2.pk3 /var/www/chaoscore/wads/odaflagx.pk3 +exec /var/www/chaoscore/configs/global/dmflags.cfg /var/www/chaoscore/configs/global/svar.cfg /var/www/chaoscore/configs/modes/ctf.cfg /var/www/chaoscore/configs/veng/veng.cfg /var/www/chaoscore/configs/veng/veng_week2.cfg +map LOCKER +compatflags 64 +sv_hostname ":: [NY] = [RAMPAGE] = [VENGEANCE VI] - Week 2 - MAP93 + MAP10 :: Game A ::"
...
...
Starting Vengeance Game Servers: game-b | ID: 1
Starting Server game-b | ID: 1 ...
Server String is ./zandronum-server -port 10691 -file /var/www/chaoscore/wads/rampagepriv-v6-1.pk3 /var/www/chaoscore/wads/vengeancemaps_v1.06.pk3 /var/www/chaoscore/wads/vengeanceweapons_v1.53.pk3 /var/www/chaoscore/wads/rampage-stats-fix.pk3 /var/www/chaoscore/wads/rampage_lockers.pk3 /var/www/chaoscore/wads/ctfcap2d.pk3 /var/www/chaoscore/wads/hudtimer_v4fix.pk3 /var/www/chaoscore/wads/zandrospree2rc2.pk3 /var/www/chaoscore/wads/odaflagx.pk3 +exec /var/www/chaoscore/configs/global/dmflags.cfg /var/www/chaoscore/configs/global/svar.cfg /var/www/chaoscore/configs/modes/ctf.cfg /var/www/chaoscore/configs/veng/veng.cfg /var/www/chaoscore/configs/veng/veng_week2.cfg +map LOCKER +compatflags 64 +sv_hostname ":: [NY] = [RAMPAGE] = [VENGEANCE VI] - Week 2 - MAP93 + MAP10 :: Game B ::"
...
...
Starting Vengeance Practice Servers: prac-a | ID: 2
Starting Server prac-a | ID: 2 ...
Server String is ./zandronum-server -port 10692 -file /var/www/chaoscore/wads/rampagepriv-v6-1.pk3 /var/www/chaoscore/wads/vengeancemaps_v1.06.pk3 /var/www/chaoscore/wads/vengeanceweapons_v1.53.pk3 /var/www/chaoscore/wads/rampage-stats-fix.pk3 /var/www/chaoscore/wads/ctfcap2d.pk3 /var/www/chaoscore/wads/hudtimer_v4fix.pk3 /var/www/chaoscore/wads/zandrospree2rc2.pk3 /var/www/chaoscore/wads/odaflagx.pk3 +exec /var/www/chaoscore/configs/global/dmflags.cfg /var/www/chaoscore/configs/global/svar.cfg /var/www/chaoscore/configs/modes/ctf.cfg /var/www/chaoscore/configs/veng/veng.cfg /var/www/chaoscore/configs/veng/veng_week2.cfg +compatflags 64 +sv_hostname ":: [NY] = [RAMPAGE] = [VENGEANCE VI] - Week 2 - MAP93 + MAP10 :: Practice A ::"
...
...
Starting Vengeance Practice Servers: prac-b | ID: 3
Starting Server prac-b | ID: 3 ...
Server String is ./zandronum-server -port 10693 -file /var/www/chaoscore/wads/rampagepriv-v6-1.pk3 /var/www/chaoscore/wads/vengeancemaps_v1.06.pk3 /var/www/chaoscore/wads/vengeanceweapons_v1.53.pk3 /var/www/chaoscore/wads/rampage-stats-fix.pk3 /var/www/chaoscore/wads/ctfcap2d.pk3 /var/www/chaoscore/wads/hudtimer_v4fix.pk3 /var/www/chaoscore/wads/zandrospree2rc2.pk3 /var/www/chaoscore/wads/odaflagx.pk3 +exec /var/www/chaoscore/configs/global/dmflags.cfg /var/www/chaoscore/configs/global/svar.cfg /var/www/chaoscore/configs/modes/ctf.cfg /var/www/chaoscore/configs/veng/veng.cfg /var/www/chaoscore/configs/veng/veng_week2.cfg +compatflags 64 +sv_hostname ":: [NY] = [RAMPAGE] = [VENGEANCE VI] - Week 2 - MAP93 + MAP10 :: Practice B ::"
...
...
Starting rampage Tmux Session...
Creating first window for priv in rampage...
Creating window for pub rampage...
Creating window for duel rampage...
Creating window for hns rampage...
Creating window for veng rampage...
Creating window for lg rampage...
Starting Rampage Servers: priv | ID: 0
Starting Server priv | ID: 0 ...
Server String is ./zandronum-server -port 10666 -file /var/www/chaoscore/wads/rampagepriv-v6-1.pk3 /var/www/chaoscore/wads/rampage-stats-fix.pk3 /var/www/chaoscore/wads/ctfcap2d.pk3 /var/www/chaoscore/wads/hudtimer_v4fix.pk3 /var/www/chaoscore/wads/zandrospree2rc2.pk3 /var/www/chaoscore/wads/odaflagx.pk3 +exec /var/www/chaoscore/configs/global/dmflags.cfg /var/www/chaoscore/configs/global/svar.cfg /var/www/chaoscore/configs/modes/ctf.cfg /var/www/chaoscore/configs/priv.cfg +map map00 +compatflags 64 +sv_hostname ":: [NY] = [RAMPAGE] = [Priv CTF] ::"
...
...
Starting Rampage Servers: pub | ID: 1
Starting Server pub | ID: 1 ...
Server String is ./zandronum-server -port 10667 -file /var/www/chaoscore/wads/hudtimer_v4fix.pk3 /var/www/chaoscore/wads/odaflagx.pk3 /var/www/chaoscore/wads/zandrospree2rc2.pk3 /var/www/chaoscore/wads/rampagepriv-v5-1.pk3 /var/www/chaoscore/wads/rampagesuperpub-v3.pk3 /var/www/chaoscore/wads/rampage-stats-fix.pk3 +exec /var/www/chaoscore/configs/global/dmflags.cfg /var/www/chaoscore/configs/global/svar.cfg /var/www/chaoscore/configs/modes/pub.cfg /var/www/chaoscore/configs/superpub.cfg +compatflags 64 +sv_hostname ":: [NY] = [RAMPAGE] = [Public CTF] ::"
...
...
Starting Rampage Servers: duel | ID: 2
Starting Server duel | ID: 2 ...
Server String is ./zandronum-server -port 10668 -file /var/www/chaoscore/wads/duel40b.pk3 /var/www/chaoscore/wads/zandrospree2rc2.pk3 /var/www/chaoscore/wads/clearlights.wad +exec /var/www/chaoscore/configs/global/dmflags.cfg /var/www/chaoscore/configs/global/svar.cfg /var/www/chaoscore/configs/modes/duel.cfg /var/www/chaoscore/configs/duel40.cfg +map start +compatflags 536871714 +sv_hostname ":: [NY] = [RAMPAGE] = [Duel40] ::"
...
...
Starting Rampage Servers: hns | ID: 4
Starting Server hns | ID: 4 ...
Server String is ./zandronum-server -port 10670 -file /var/www/chaoscore/wads/skulltag_content-3.0-beta01.pk3 /var/www/chaoscore/wads/stlmshnsv4.wad /var/www/chaoscore/wads/hnsv1.0.2.pk3 +exec /var/www/chaoscore/configs/global/dmflags.cfg /var/www/chaoscore/configs/global/svar.cfg /var/www/chaoscore/configs/modes/hns.cfg /var/www/chaoscore/configs/extra/unblock.cfg /var/www/chaoscore/configs/extra/forcegl.cfg /var/www/chaoscore/configs/extra/stats.cfg +compatflags 64 +sv_hostname ":: [NY] = [RAMPAGE] = [Hide n Seek] ::"
...
...
Starting Rampage Servers: veng | ID: 5
Starting Server veng | ID: 5 ...
Server String is ./zandronum-server -port 10671 -file /var/www/chaoscore/wads/rampagepriv-v6-1.pk3 /var/www/chaoscore/wads/vengeancemaps_v1.06.pk3 /var/www/chaoscore/wads/vengeanceweapons_v1.53.pk3 /var/www/chaoscore/wads/rampage-stats-fix.pk3 /var/www/chaoscore/wads/ctfcap2d.pk3 /var/www/chaoscore/wads/hudtimer_v4fix.pk3 /var/www/chaoscore/wads/zandrospree2rc2.pk3 /var/www/chaoscore/wads/odaflagx.pk3 +exec /var/www/chaoscore/configs/global/dmflags.cfg /var/www/chaoscore/configs/global/svar.cfg /var/www/chaoscore/configs/modes/ctf.cfg /var/www/chaoscore/configs/priv.cfg +map map00 +compatflags 64 +sv_hostname ":: [NY] = [RAMPAGE] = [Vengeance Priv] ::"
...
...
Starting Rampage Servers: lg | ID: 6
Starting Server lg | ID: 6 ...
Server String is ./zandronum-server -port 10672 -file /var/www/chaoscore/wads/duel40b.pk3 /var/www/chaoscore/wads/lgmod.pk3 /var/www/chaoscore/wads/zandrospree2rc2.pk3 /var/www/chaoscore/wads/clearlights.wad +exec /var/www/chaoscore/configs/global/dmflags.cfg /var/www/chaoscore/configs/global/svar.cfg /var/www/chaoscore/configs/modes/duel.cfg /var/www/chaoscore/configs/duel40.cfg /var/www/chaoscore/configs/modes/lg.cfg +map start +compatflags 536871714 +sv_hostname ":: [NY] = [RAMPAGE] = [LG Duel] ::"
...
...
Starting vengeance Tmux Session...
Creating first window for game-a in vengeance...
Creating window for game-b vengeance...
Creating window for prac-a vengeance...
Creating window for prac-b vengeance...
Starting Vengeance Game Servers: game-a | ID: 0
Starting Server game-a | ID: 0 ...
Server String is ./zandronum-server -port 10690 -file /var/www/chaoscore/wads/rampagepriv-v6-1.pk3 /var/www/chaoscore/wads/vengeancemaps_v1.06.pk3 /var/www/chaoscore/wads/vengeanceweapons_v1.53.pk3 /var/www/chaoscore/wads/rampage-stats-fix.pk3 /var/www/chaoscore/wads/rampage_lockers.pk3 /var/www/chaoscore/wads/ctfcap2d.pk3 /var/www/chaoscore/wads/hudtimer_v4fix.pk3 /var/www/chaoscore/wads/zandrospree2rc2.pk3 /var/www/chaoscore/wads/odaflagx.pk3 +exec /var/www/chaoscore/configs/global/dmflags.cfg /var/www/chaoscore/configs/global/svar.cfg /var/www/chaoscore/configs/modes/ctf.cfg /var/www/chaoscore/configs/veng/veng.cfg /var/www/chaoscore/configs/veng/veng_week2.cfg +map LOCKER +compatflags 64 +sv_hostname ":: [NY] = [RAMPAGE] = [VENGEANCE VI] - Week 2 - MAP93 + MAP10 :: Game A ::"
...
...
Starting Vengeance Game Servers: game-b | ID: 1
Starting Server game-b | ID: 1 ...
Server String is ./zandronum-server -port 10691 -file /var/www/chaoscore/wads/rampagepriv-v6-1.pk3 /var/www/chaoscore/wads/vengeancemaps_v1.06.pk3 /var/www/chaoscore/wads/vengeanceweapons_v1.53.pk3 /var/www/chaoscore/wads/rampage-stats-fix.pk3 /var/www/chaoscore/wads/rampage_lockers.pk3 /var/www/chaoscore/wads/ctfcap2d.pk3 /var/www/chaoscore/wads/hudtimer_v4fix.pk3 /var/www/chaoscore/wads/zandrospree2rc2.pk3 /var/www/chaoscore/wads/odaflagx.pk3 +exec /var/www/chaoscore/configs/global/dmflags.cfg /var/www/chaoscore/configs/global/svar.cfg /var/www/chaoscore/configs/modes/ctf.cfg /var/www/chaoscore/configs/veng/veng.cfg /var/www/chaoscore/configs/veng/veng_week2.cfg +map LOCKER +compatflags 64 +sv_hostname ":: [NY] = [RAMPAGE] = [VENGEANCE VI] - Week 2 - MAP93 + MAP10 :: Game B ::"
...
...
Starting Vengeance Practice Servers: prac-a | ID: 2
Starting Server prac-a | ID: 2 ...
Server String is ./zandronum-server -port 10692 -file /var/www/chaoscore/wads/rampagepriv-v6-1.pk3 /var/www/chaoscore/wads/vengeancemaps_v1.06.pk3 /var/www/chaoscore/wads/vengeanceweapons_v1.53.pk3 /var/www/chaoscore/wads/rampage-stats-fix.pk3 /var/www/chaoscore/wads/ctfcap2d.pk3 /var/www/chaoscore/wads/hudtimer_v4fix.pk3 /var/www/chaoscore/wads/zandrospree2rc2.pk3 /var/www/chaoscore/wads/odaflagx.pk3 +exec /var/www/chaoscore/configs/global/dmflags.cfg /var/www/chaoscore/configs/global/svar.cfg /var/www/chaoscore/configs/modes/ctf.cfg /var/www/chaoscore/configs/veng/veng.cfg /var/www/chaoscore/configs/veng/veng_week2.cfg +compatflags 64 +sv_hostname ":: [NY] = [RAMPAGE] = [VENGEANCE VI] - Week 2 - MAP93 + MAP10 :: Practice A ::"
...
...
Starting Vengeance Practice Servers: prac-b | ID: 3
Starting Server prac-b | ID: 3 ...
Server String is ./zandronum-server -port 10693 -file /var/www/chaoscore/wads/rampagepriv-v6-1.pk3 /var/www/chaoscore/wads/vengeancemaps_v1.06.pk3 /var/www/chaoscore/wads/vengeanceweapons_v1.53.pk3 /var/www/chaoscore/wads/rampage-stats-fix.pk3 /var/www/chaoscore/wads/ctfcap2d.pk3 /var/www/chaoscore/wads/hudtimer_v4fix.pk3 /var/www/chaoscore/wads/zandrospree2rc2.pk3 /var/www/chaoscore/wads/odaflagx.pk3 +exec /var/www/chaoscore/configs/global/dmflags.cfg /var/www/chaoscore/configs/global/svar.cfg /var/www/chaoscore/configs/modes/ctf.cfg /var/www/chaoscore/configs/veng/veng.cfg /var/www/chaoscore/configs/veng/veng_week2.cfg +compatflags 64 +sv_hostname ":: [NY] = [RAMPAGE] = [VENGEANCE VI] - Week 2 - MAP93 + MAP10 :: Practice B ::"
...
...
Starting rampage Tmux Session...
Creating first window for priv in rampage...
Creating window for pub rampage...
Creating window for duel rampage...
Creating window for hns rampage...
Creating window for veng rampage...
Creating window for lg rampage...
Starting Rampage Servers: priv | ID: 0
Starting Server priv | ID: 0 ...
Server String is ./zandronum-server -port 10666 -file /var/www/chaoscore/wads/rampagepriv-v6-1.pk3 /var/www/chaoscore/wads/rampage-stats-fix.pk3 /var/www/chaoscore/wads/ctfcap2d.pk3 /var/www/chaoscore/wads/hudtimer_v4fix.pk3 /var/www/chaoscore/wads/zandrospree2rc2.pk3 /var/www/chaoscore/wads/odaflagx.pk3 +exec /var/www/chaoscore/configs/global/dmflags.cfg /var/www/chaoscore/configs/global/svar.cfg /var/www/chaoscore/configs/modes/ctf.cfg /var/www/chaoscore/configs/priv.cfg +map map00 +compatflags 64 +sv_hostname ":: [NY] = [RAMPAGE] = [Priv CTF] ::"
...
...
Starting Rampage Servers: pub | ID: 1
Starting Server pub | ID: 1 ...
Server String is ./zandronum-server -port 10667 -file /var/www/chaoscore/wads/hudtimer_v4fix.pk3 /var/www/chaoscore/wads/odaflagx.pk3 /var/www/chaoscore/wads/zandrospree2rc2.pk3 /var/www/chaoscore/wads/rampagepriv-v5-1.pk3 /var/www/chaoscore/wads/rampagesuperpub-v3.pk3 /var/www/chaoscore/wads/rampage-stats-fix.pk3 +exec /var/www/chaoscore/configs/global/dmflags.cfg /var/www/chaoscore/configs/global/svar.cfg /var/www/chaoscore/configs/modes/pub.cfg /var/www/chaoscore/configs/superpub.cfg +compatflags 64 +sv_hostname ":: [NY] = [RAMPAGE] = [Public CTF] ::"
...
...
Starting Rampage Servers: duel | ID: 2
Starting Server duel | ID: 2 ...
Server String is ./zandronum-server -port 10668 -file /var/www/chaoscore/wads/duel40b.pk3 /var/www/chaoscore/wads/zandrospree2rc2.pk3 /var/www/chaoscore/wads/clearlights.wad +exec /var/www/chaoscore/configs/global/dmflags.cfg /var/www/chaoscore/configs/global/svar.cfg /var/www/chaoscore/configs/modes/duel.cfg /var/www/chaoscore/configs/duel40.cfg +map start +compatflags 536871714 +sv_hostname ":: [NY] = [RAMPAGE] = [Duel40] ::"
...
...
Starting Rampage Servers: hns | ID: 4
Starting Server hns | ID: 4 ...
Server String is ./zandronum-server -port 10670 -file /var/www/chaoscore/wads/skulltag_content-3.0-beta01.pk3 /var/www/chaoscore/wads/stlmshnsv4.wad /var/www/chaoscore/wads/hnsv1.0.2.pk3 +exec /var/www/chaoscore/configs/global/dmflags.cfg /var/www/chaoscore/configs/global/svar.cfg /var/www/chaoscore/configs/modes/hns.cfg /var/www/chaoscore/configs/extra/unblock.cfg /var/www/chaoscore/configs/extra/forcegl.cfg /var/www/chaoscore/configs/extra/stats.cfg +compatflags 64 +sv_hostname ":: [NY] = [RAMPAGE] = [Hide n Seek] ::"
...
...
Starting Rampage Servers: veng | ID: 5
Starting Server veng | ID: 5 ...
Server String is ./zandronum-server -port 10671 -file /var/www/chaoscore/wads/rampagepriv-v6-1.pk3 /var/www/chaoscore/wads/vengeancemaps_v1.06.pk3 /var/www/chaoscore/wads/vengeanceweapons_v1.53.pk3 /var/www/chaoscore/wads/rampage-stats-fix.pk3 /var/www/chaoscore/wads/ctfcap2d.pk3 /var/www/chaoscore/wads/hudtimer_v4fix.pk3 /var/www/chaoscore/wads/zandrospree2rc2.pk3 /var/www/chaoscore/wads/odaflagx.pk3 +exec /var/www/chaoscore/configs/global/dmflags.cfg /var/www/chaoscore/configs/global/svar.cfg /var/www/chaoscore/configs/modes/ctf.cfg /var/www/chaoscore/configs/priv.cfg +map map00 +compatflags 64 +sv_hostname ":: [NY] = [RAMPAGE] = [Vengeance Priv] ::"
...
...
Starting Rampage Servers: lg | ID: 6
Starting Server lg | ID: 6 ...
Server String is ./zandronum-server -port 10672 -file /var/www/chaoscore/wads/duel40b.pk3 /var/www/chaoscore/wads/lgmod.pk3 /var/www/chaoscore/wads/zandrospree2rc2.pk3 /var/www/chaoscore/wads/clearlights.wad +exec /var/www/chaoscore/configs/global/dmflags.cfg /var/www/chaoscore/configs/global/svar.cfg /var/www/chaoscore/configs/modes/duel.cfg /var/www/chaoscore/configs/duel40.cfg /var/www/chaoscore/configs/modes/lg.cfg +map start +compatflags 536871714 +sv_hostname ":: [NY] = [RAMPAGE] = [LG Duel] ::"
...
...
Starting vengeance Tmux Session...
Creating first window for game-a in vengeance...
Creating window for game-b vengeance...
Creating window for prac-a vengeance...
Creating window for prac-b vengeance...
Starting Vengeance Game Servers: game-a | ID: 0
Starting Server game-a | ID: 0 ...
Server String is ./zandronum-server -port 10690 -file /var/www/chaoscore/wads/rampagepriv-v6-1.pk3 /var/www/chaoscore/wads/vengeancemaps_v1.06.pk3 /var/www/chaoscore/wads/vengeanceweapons_v1.53.pk3 /var/www/chaoscore/wads/rampage-stats-fix.pk3 /var/www/chaoscore/wads/rampage_lockers.pk3 /var/www/chaoscore/wads/ctfcap2d.pk3 /var/www/chaoscore/wads/hudtimer_v4fix.pk3 /var/www/chaoscore/wads/zandrospree2rc2.pk3 /var/www/chaoscore/wads/odaflagx.pk3 +exec /var/www/chaoscore/configs/global/dmflags.cfg /var/www/chaoscore/configs/global/svar.cfg /var/www/chaoscore/configs/modes/ctf.cfg /var/www/chaoscore/configs/veng/veng.cfg /var/www/chaoscore/configs/veng/veng_week2.cfg +map LOCKER +compatflags 64 +sv_hostname ":: [NY] = [RAMPAGE] = [VENGEANCE VI] - Week 2 - MAP93 + MAP10 :: Game A ::"
...
...
Starting Vengeance Game Servers: game-b | ID: 1
Starting Server game-b | ID: 1 ...
Server String is ./zandronum-server -port 10691 -file /var/www/chaoscore/wads/rampagepriv-v6-1.pk3 /var/www/chaoscore/wads/vengeancemaps_v1.06.pk3 /var/www/chaoscore/wads/vengeanceweapons_v1.53.pk3 /var/www/chaoscore/wads/rampage-stats-fix.pk3 /var/www/chaoscore/wads/rampage_lockers.pk3 /var/www/chaoscore/wads/ctfcap2d.pk3 /var/www/chaoscore/wads/hudtimer_v4fix.pk3 /var/www/chaoscore/wads/zandrospree2rc2.pk3 /var/www/chaoscore/wads/odaflagx.pk3 +exec /var/www/chaoscore/configs/global/dmflags.cfg /var/www/chaoscore/configs/global/svar.cfg /var/www/chaoscore/configs/modes/ctf.cfg /var/www/chaoscore/configs/veng/veng.cfg /var/www/chaoscore/configs/veng/veng_week2.cfg +map LOCKER +compatflags 64 +sv_hostname ":: [NY] = [RAMPAGE] = [VENGEANCE VI] - Week 2 - MAP93 + MAP10 :: Game B ::"
...
...
Starting Vengeance Practice Servers: prac-a | ID: 2
Starting Server prac-a | ID: 2 ...
Server String is ./zandronum-server -port 10692 -file /var/www/chaoscore/wads/rampagepriv-v6-1.pk3 /var/www/chaoscore/wads/vengeancemaps_v1.06.pk3 /var/www/chaoscore/wads/vengeanceweapons_v1.53.pk3 /var/www/chaoscore/wads/rampage-stats-fix.pk3 /var/www/chaoscore/wads/ctfcap2d.pk3 /var/www/chaoscore/wads/hudtimer_v4fix.pk3 /var/www/chaoscore/wads/zandrospree2rc2.pk3 /var/www/chaoscore/wads/odaflagx.pk3 +exec /var/www/chaoscore/configs/global/dmflags.cfg /var/www/chaoscore/configs/global/svar.cfg /var/www/chaoscore/configs/modes/ctf.cfg /var/www/chaoscore/configs/veng/veng.cfg /var/www/chaoscore/configs/veng/veng_week2.cfg +compatflags 64 +sv_hostname ":: [NY] = [RAMPAGE] = [VENGEANCE VI] - Week 2 - MAP93 + MAP10 :: Practice A ::"
...
...
Starting Vengeance Practice Servers: prac-b | ID: 3
Starting Server prac-b | ID: 3 ...
Server String is ./zandronum-server -port 10693 -file /var/www/chaoscore/wads/rampagepriv-v6-1.pk3 /var/www/chaoscore/wads/vengeancemaps_v1.06.pk3 /var/www/chaoscore/wads/vengeanceweapons_v1.53.pk3 /var/www/chaoscore/wads/rampage-stats-fix.pk3 /var/www/chaoscore/wads/ctfcap2d.pk3 /var/www/chaoscore/wads/hudtimer_v4fix.pk3 /var/www/chaoscore/wads/zandrospree2rc2.pk3 /var/www/chaoscore/wads/odaflagx.pk3 +exec /var/www/chaoscore/configs/global/dmflags.cfg /var/www/chaoscore/configs/global/svar.cfg /var/www/chaoscore/configs/modes/ctf.cfg /var/www/chaoscore/configs/veng/veng.cfg /var/www/chaoscore/configs/veng/veng_week2.cfg +compatflags 64 +sv_hostname ":: [NY] = [RAMPAGE] = [VENGEANCE VI] - Week 2 - MAP93 + MAP10 :: Practice B ::"
...
...
Starting rampage Tmux Session...
Creating first window for priv in rampage...
Creating window for pub rampage...
Creating window for duel rampage...
Creating window for hns rampage...
Creating window for veng rampage...
Creating window for lg rampage...
Starting Rampage Servers: priv | ID: 0
Starting Server priv | ID: 0 ...
Server String is ./zandronum-server -port 10666 -file /var/www/chaoscore/wads/rampagepriv-v6-1.pk3 /var/www/chaoscore/wads/rampage-stats-fix.pk3 /var/www/chaoscore/wads/ctfcap2d.pk3 /var/www/chaoscore/wads/hudtimer_v4fix.pk3 /var/www/chaoscore/wads/zandrospree2rc2.pk3 /var/www/chaoscore/wads/odaflagx.pk3 +exec /var/www/chaoscore/configs/global/dmflags.cfg /var/www/chaoscore/configs/global/svar.cfg /var/www/chaoscore/configs/modes/ctf.cfg /var/www/chaoscore/configs/priv.cfg +map map00 +compatflags 64 +sv_hostname ":: [NY] = [RAMPAGE] = [Priv CTF] ::"
...
...
Starting Rampage Servers: pub | ID: 1
Starting Server pub | ID: 1 ...
Server String is ./zandronum-server -port 10667 -file /var/www/chaoscore/wads/hudtimer_v4fix.pk3 /var/www/chaoscore/wads/odaflagx.pk3 /var/www/chaoscore/wads/zandrospree2rc2.pk3 /var/www/chaoscore/wads/rampagepriv-v5-1.pk3 /var/www/chaoscore/wads/rampagesuperpub-v3.pk3 /var/www/chaoscore/wads/rampage-stats-fix.pk3 +exec /var/www/chaoscore/configs/global/dmflags.cfg /var/www/chaoscore/configs/global/svar.cfg /var/www/chaoscore/configs/modes/pub.cfg /var/www/chaoscore/configs/superpub.cfg +compatflags 64 +sv_hostname ":: [NY] = [RAMPAGE] = [Public CTF] ::"
...
...
Starting Rampage Servers: duel | ID: 2
Starting Server duel | ID: 2 ...
Server String is ./zandronum-server -port 10668 -file /var/www/chaoscore/wads/duel40b.pk3 /var/www/chaoscore/wads/zandrospree2rc2.pk3 /var/www/chaoscore/wads/clearlights.wad +exec /var/www/chaoscore/configs/global/dmflags.cfg /var/www/chaoscore/configs/global/svar.cfg /var/www/chaoscore/configs/modes/duel.cfg /var/www/chaoscore/configs/duel40.cfg +map start +compatflags 536871714 +sv_hostname ":: [NY] = [RAMPAGE] = [Duel40] ::"
...
...
Starting Rampage Servers: hns | ID: 4
Starting Server hns | ID: 4 ...
Server String is ./zandronum-server -port 10670 -file /var/www/chaoscore/wads/skulltag_content-3.0-beta01.pk3 /var/www/chaoscore/wads/stlmshnsv4.wad /var/www/chaoscore/wads/hnsv1.0.2.pk3 +exec /var/www/chaoscore/configs/global/dmflags.cfg /var/www/chaoscore/configs/global/svar.cfg /var/www/chaoscore/configs/modes/hns.cfg /var/www/chaoscore/configs/extra/unblock.cfg /var/www/chaoscore/configs/extra/forcegl.cfg /var/www/chaoscore/configs/extra/stats.cfg +compatflags 64 +sv_hostname ":: [NY] = [RAMPAGE] = [Hide n Seek] ::"
...
...
Starting Rampage Servers: veng | ID: 5
Starting Server veng | ID: 5 ...
Server String is ./zandronum-server -port 10671 -file /var/www/chaoscore/wads/rampagepriv-v6-1.pk3 /var/www/chaoscore/wads/vengeancemaps_v1.06.pk3 /var/www/chaoscore/wads/vengeanceweapons_v1.53.pk3 /var/www/chaoscore/wads/rampage-stats-fix.pk3 /var/www/chaoscore/wads/ctfcap2d.pk3 /var/www/chaoscore/wads/hudtimer_v4fix.pk3 /var/www/chaoscore/wads/zandrospree2rc2.pk3 /var/www/chaoscore/wads/odaflagx.pk3 +exec /var/www/chaoscore/configs/global/dmflags.cfg /var/www/chaoscore/configs/global/svar.cfg /var/www/chaoscore/configs/modes/ctf.cfg /var/www/chaoscore/configs/priv.cfg +map map00 +compatflags 64 +sv_hostname ":: [NY] = [RAMPAGE] = [Vengeance Priv] ::"
...
...
Starting Rampage Servers: lg | ID: 6
Starting Server lg | ID: 6 ...
Server String is ./zandronum-server -port 10672 -file /var/www/chaoscore/wads/duel40b.pk3 /var/www/chaoscore/wads/lgmod.pk3 /var/www/chaoscore/wads/zandrospree2rc2.pk3 /var/www/chaoscore/wads/clearlights.wad +exec /var/www/chaoscore/configs/global/dmflags.cfg /var/www/chaoscore/configs/global/svar.cfg /var/www/chaoscore/configs/modes/duel.cfg /var/www/chaoscore/configs/duel40.cfg /var/www/chaoscore/configs/modes/lg.cfg +map start +compatflags 536871714 +sv_hostname ":: [NY] = [RAMPAGE] = [LG Duel] ::"
...
...
Starting vengeance Tmux Session...
Creating first window for game-a in vengeance...
Creating window for game-b vengeance...
Creating window for prac-a vengeance...
Creating window for prac-b vengeance...
Starting Vengeance Game Servers: game-a | ID: 0
Starting Server game-a | ID: 0 ...
Server String is ./zandronum-server -port 10690 -file /var/www/chaoscore/wads/rampagepriv-v6-1.pk3 /var/www/chaoscore/wads/vengeancemaps_v1.06.pk3 /var/www/chaoscore/wads/vengeanceweapons_v1.53.pk3 /var/www/chaoscore/wads/rampage-stats-fix.pk3 /var/www/chaoscore/wads/rampage_lockers.pk3 /var/www/chaoscore/wads/ctfcap2d.pk3 /var/www/chaoscore/wads/hudtimer_v4fix.pk3 /var/www/chaoscore/wads/zandrospree2rc2.pk3 /var/www/chaoscore/wads/odaflagx.pk3 +exec /var/www/chaoscore/configs/global/dmflags.cfg /var/www/chaoscore/configs/global/svar.cfg /var/www/chaoscore/configs/modes/ctf.cfg /var/www/chaoscore/configs/veng/veng.cfg /var/www/chaoscore/configs/veng/veng_week2.cfg +map LOCKER +compatflags 64 +sv_hostname ":: [NY] = [RAMPAGE] = [VENGEANCE VI] - Week 2 - MAP93 + MAP10 :: Game A ::"
...
...
Starting Vengeance Game Servers: game-b | ID: 1
Starting Server game-b | ID: 1 ...
Server String is ./zandronum-server -port 10691 -file /var/www/chaoscore/wads/rampagepriv-v6-1.pk3 /var/www/chaoscore/wads/vengeancemaps_v1.06.pk3 /var/www/chaoscore/wads/vengeanceweapons_v1.53.pk3 /var/www/chaoscore/wads/rampage-stats-fix.pk3 /var/www/chaoscore/wads/rampage_lockers.pk3 /var/www/chaoscore/wads/ctfcap2d.pk3 /var/www/chaoscore/wads/hudtimer_v4fix.pk3 /var/www/chaoscore/wads/zandrospree2rc2.pk3 /var/www/chaoscore/wads/odaflagx.pk3 +exec /var/www/chaoscore/configs/global/dmflags.cfg /var/www/chaoscore/configs/global/svar.cfg /var/www/chaoscore/configs/modes/ctf.cfg /var/www/chaoscore/configs/veng/veng.cfg /var/www/chaoscore/configs/veng/veng_week2.cfg +map LOCKER +compatflags 64 +sv_hostname ":: [NY] = [RAMPAGE] = [VENGEANCE VI] - Week 2 - MAP93 + MAP10 :: Game B ::"
...
...
Starting Vengeance Practice Servers: prac-a | ID: 2
Starting Server prac-a | ID: 2 ...
Server String is ./zandronum-server -port 10692 -file /var/www/chaoscore/wads/rampagepriv-v6-1.pk3 /var/www/chaoscore/wads/vengeancemaps_v1.06.pk3 /var/www/chaoscore/wads/vengeanceweapons_v1.53.pk3 /var/www/chaoscore/wads/rampage-stats-fix.pk3 /var/www/chaoscore/wads/ctfcap2d.pk3 /var/www/chaoscore/wads/hudtimer_v4fix.pk3 /var/www/chaoscore/wads/zandrospree2rc2.pk3 /var/www/chaoscore/wads/odaflagx.pk3 +exec /var/www/chaoscore/configs/global/dmflags.cfg /var/www/chaoscore/configs/global/svar.cfg /var/www/chaoscore/configs/modes/ctf.cfg /var/www/chaoscore/configs/veng/veng.cfg /var/www/chaoscore/configs/veng/veng_week2.cfg +compatflags 64 +sv_hostname ":: [NY] = [RAMPAGE] = [VENGEANCE VI] - Week 2 - MAP93 + MAP10 :: Practice A ::"
...
...
Starting Vengeance Practice Servers: prac-b | ID: 3
Starting Server prac-b | ID: 3 ...
Server String is ./zandronum-server -port 10693 -file /var/www/chaoscore/wads/rampagepriv-v6-1.pk3 /var/www/chaoscore/wads/vengeancemaps_v1.06.pk3 /var/www/chaoscore/wads/vengeanceweapons_v1.53.pk3 /var/www/chaoscore/wads/rampage-stats-fix.pk3 /var/www/chaoscore/wads/ctfcap2d.pk3 /var/www/chaoscore/wads/hudtimer_v4fix.pk3 /var/www/chaoscore/wads/zandrospree2rc2.pk3 /var/www/chaoscore/wads/odaflagx.pk3 +exec /var/www/chaoscore/configs/global/dmflags.cfg /var/www/chaoscore/configs/global/svar.cfg /var/www/chaoscore/configs/modes/ctf.cfg /var/www/chaoscore/configs/veng/veng.cfg /var/www/chaoscore/configs/veng/veng_week2.cfg +compatflags 64 +sv_hostname ":: [NY] = [RAMPAGE] = [VENGEANCE VI] - Week 2 - MAP93 + MAP10 :: Practice B ::"
...
...
